TN:verilator_coverage
SF:../vc/TestRandDelay.v
DA:18,1617
DA:19,1
DA:23,0
DA:27,2
DA:28,2
DA:29,6
DA:33,2
DA:34,2
DA:35,6
DA:44,0
DA:46,808
DA:47,808
DA:48,0
DA:50,808
DA:55,110
DA:56,110
DA:57,0
DA:77,112
DA:88,110
DA:89,110
DA:91,808
DA:92,4
DA:93,4
DA:95,804
DA:96,804
DA:104,808
DA:108,808
DA:110,808
DA:116,136
DA:117,55
DA:118,55
DA:125,672
DA:126,55
DA:127,55
DA:138,808
DA:140,808
DA:142,136
DA:143,136
DA:144,136
DA:145,136
DA:146,136
DA:147,136
DA:150,672
DA:151,672
DA:152,672
DA:153,672
DA:154,672
DA:155,672
DA:158,0
DA:159,0
DA:160,0
DA:161,0
DA:162,0
DA:163,0
DA:183,808
DA:184,4
DA:185,0
DA:186,0
DA:187,0
DA:188,0
DA:189,0
end_of_record
SF:../vc/TestRandDelaySink.v
DA:17,1617
DA:18,1
DA:22,0
DA:26,112
DA:27,2
DA:28,24
DA:32,1
DA:39,112
DA:40,2
DA:41,18
end_of_record
SF:../vc/TestRandDelaySource.v
DA:16,1617
DA:17,1
DA:21,0
DA:25,2
DA:26,112
DA:27,6
DA:31,1
DA:38,2
DA:39,112
DA:40,6
end_of_record
SF:../vc/TestSink.v
DA:20,1617
DA:21,1
DA:25,112
DA:26,2
DA:27,18
DA:31,1
DA:52,112
DA:53,1
DA:54,1
DA:67,1
DA:68,808
DA:69,808
DA:75,2
DA:78,808
DA:79,56
DA:94,112
DA:101,0
DA:102,0
DA:104,11
DA:107,808
DA:108,4
DA:109,4
DA:111,56
DA:113,56
DA:114,56
DA:115,56
DA:116,56
DA:117,56
DA:119,0
DA:120,0
DA:121,0
DA:122,0
DA:123,0
DA:125,0
DA:126,0
DA:127,0
DA:128,0
DA:129,0
DA:130,0
DA:131,0
DA:132,0
DA:133,0
DA:134,0
DA:135,0
DA:136,0
DA:148,808
DA:149,4
DA:150,0
DA:151,0
end_of_record
SF:../vc/TestSource.v
DA:16,1617
DA:17,1
DA:21,2
DA:22,112
DA:23,6
DA:27,1
DA:48,112
DA:49,1
DA:50,1
DA:63,1
DA:64,808
DA:65,808
DA:93,2
DA:96,808
DA:97,56
DA:110,112
DA:123,808
DA:124,4
DA:125,0
DA:126,0
end_of_record
SF:../vc/muxes.v
DA:16,64
DA:17,620
DA:18,242
DA:21,3232
DA:22,3232
DA:23,3232
DA:24,855
DA:25,2377
DA:26,0
end_of_record
SF:../vc/regs.v
DA:42,3234
DA:43,2
DA:44,158
DA:45,158
DA:48,1616
DA:49,1616
DA:61,1617
DA:62,1
DA:63,24
DA:64,24
DA:65,358
DA:68,808
DA:69,243
DA:70,565
DA:95,3234
DA:96,2
DA:97,2
DA:98,2
DA:99,110
DA:102,1616
DA:103,63
DA:104,63
end_of_record
SF:../vc/trace.v
DA:20,1617
DA:21,1
DA:44,0
DA:45,0
DA:49,0
DA:62,0
DA:63,0
DA:64,0
DA:65,0
DA:71,808
DA:72,808
DA:80,4252
DA:85,4252
DA:86,4252
DA:88,4252
DA:89,25472
DA:90,25472
DA:93,4252
DA:95,4252
DA:96,29724
DA:97,29724
DA:99,29724
DA:100,29724
DA:103,4252
DA:113,0
DA:118,0
DA:120,0
DA:121,0
DA:123,0
DA:124,0
DA:125,0
DA:126,0
DA:129,0
DA:139,1504
DA:145,1504
DA:146,1504
DA:147,1504
DA:149,1504
DA:150,20588
DA:151,20588
DA:152,20588
DA:153,20588
DA:155,20588
DA:156,20588
DA:159,1504
DA:169,0
DA:175,0
DA:177,0
DA:178,0
DA:179,0
DA:182,0
DA:183,0
DA:184,0
DA:185,0
DA:186,0
DA:187,0
DA:188,0
DA:199,1616
DA:206,1616
DA:208,1616
DA:209,22796
DA:210,22796
DA:213,112
DA:214,112
DA:216,752
DA:217,752
DA:219,672
DA:220,672
DA:221,672
DA:223,0
DA:224,80
DA:225,80
DA:227,0
DA:228,0
DA:229,0
end_of_record
SF:IntMulAlt.v
DA:17,1617
DA:18,1
DA:20,6
DA:21,24
DA:23,112
DA:24,112
DA:25,112
DA:26,358
DA:27,284
DA:28,36
DA:29,30
DA:32,16
DA:33,6
DA:40,88
DA:41,30
DA:62,30
DA:63,56
DA:65,56
DA:85,24
DA:102,56
DA:103,14
DA:118,1617
DA:119,1
DA:121,2
DA:122,2
DA:124,30
DA:126,112
DA:127,112
DA:129,112
DA:130,112
DA:131,112
DA:132,358
DA:133,284
DA:135,36
DA:144,82
DA:145,112
DA:146,82
DA:147,112
DA:150,808
DA:151,808
DA:152,56
DA:153,56
DA:155,56
DA:156,56
DA:158,56
DA:159,56
DA:169,808
DA:170,808
DA:171,808
DA:172,808
DA:173,808
DA:174,808
DA:175,808
DA:176,808
DA:178,808
DA:179,111
DA:180,111
DA:181,111
DA:182,111
DA:184,641
DA:185,641
DA:186,641
DA:187,641
DA:188,187
DA:189,454
DA:190,454
DA:192,641
DA:194,56
DA:195,56
DA:203,808
DA:204,4
DA:205,4
DA:206,4
DA:207,804
DA:208,804
DA:209,804
DA:217,1617
DA:218,1
DA:220,2
DA:221,112
DA:222,6
DA:224,112
DA:225,2
DA:226,24
DA:234,30
DA:235,36
DA:237,284
DA:238,358
DA:239,112
DA:240,112
DA:241,112
end_of_record
SF:IntMulHelper.v
DA:11,30
DA:12,36
DA:15,808
DA:16,808
DA:17,178
DA:18,178
DA:19,2
DA:20,2
DA:21,2
DA:22,2
DA:23,2
DA:24,2
DA:25,2
DA:26,2
DA:27,2
DA:28,2
DA:29,2
DA:30,2
DA:31,2
DA:32,2
DA:33,2
DA:34,2
DA:35,2
DA:36,2
DA:37,2
DA:38,2
DA:39,4
DA:40,4
DA:41,2
DA:42,2
DA:43,2
DA:44,2
DA:45,2
DA:46,2
DA:47,2
DA:48,2
DA:49,3
DA:50,3
DA:51,2
DA:52,2
DA:53,4
DA:54,4
DA:55,1
DA:56,1
DA:57,3
DA:58,3
DA:59,2
DA:60,2
DA:61,2
DA:62,2
DA:63,8
DA:64,8
DA:65,2
DA:66,2
DA:67,2
DA:68,2
DA:69,2
DA:70,2
DA:71,5
DA:72,5
DA:73,5
DA:74,5
DA:75,13
DA:76,13
DA:77,29
DA:78,29
end_of_record
SF:tb_IntMul.v
DA:33,1
DA:36,1
DA:38,2
DA:39,112
DA:40,6
DA:42,2
DA:43,112
DA:44,24
DA:53,1
DA:54,1
DA:126,0
DA:128,0
DA:132,0
DA:135,0
DA:136,0
DA:138,0
DA:142,0
DA:146,0
DA:149,0
DA:150,0
DA:152,0
DA:156,0
DA:166,0
DA:168,0
DA:169,0
DA:171,0
DA:172,0
DA:174,0
DA:175,0
DA:177,0
DA:178,0
DA:182,0
DA:185,0
DA:186,0
DA:188,0
DA:189,0
DA:191,0
DA:199,0
DA:205,0
DA:206,0
DA:207,0
DA:208,0
DA:209,0
DA:210,0
DA:211,0
DA:212,0
DA:213,0
DA:214,0
DA:215,0
DA:216,0
DA:217,0
DA:218,0
DA:219,0
DA:220,0
DA:221,0
DA:222,0
DA:223,0
DA:224,0
DA:225,0
DA:226,0
DA:228,0
DA:229,0
DA:230,0
DA:231,0
DA:232,0
DA:233,0
DA:234,0
DA:238,0
DA:239,0
DA:240,0
DA:241,0
DA:246,0
DA:247,0
DA:248,0
DA:249,0
DA:250,0
DA:251,0
DA:252,0
DA:253,0
DA:254,0
DA:259,0
DA:260,0
DA:261,0
DA:262,0
DA:267,0
DA:268,0
DA:269,0
DA:270,0
DA:275,0
DA:276,0
DA:277,0
DA:278,0
DA:283,0
DA:284,0
DA:285,0
DA:290,0
DA:291,0
DA:292,0
DA:293,0
DA:295,0
DA:296,0
DA:297,0
DA:299,0
DA:300,0
DA:301,0
DA:303,0
DA:304,0
DA:305,0
DA:307,0
DA:308,0
DA:309,0
DA:317,1
DA:318,1
DA:319,1
DA:322,1
DA:323,1
DA:324,1
DA:327,754
DA:330,1
DA:333,1
DA:336,1
DA:337,1
DA:347,809
DA:348,809
DA:360,809
DA:361,809
DA:362,1
DA:363,808
end_of_record
